c:\documents and settings\administrator\my documents\visual studio 2010\projects\bgi\debug\vc100.pdb
c:\documents and settings\administrator\my documents\visual studio 2010\projects\bgi\debug\bgiout.obj
c:\documents and settings\administrator\my documents\visual studio 2010\projects\bgi\debug\winthread.obj
c:\documents and settings\administrator\my documents\visual studio 2010\projects\bgi\debug\bgi.obj
c:\documents and settings\administrator\my documents\visual studio 2010\projects\bgi\debug\drawing.obj
c:\documents and settings\administrator\my documents\visual studio 2010\projects\bgi\debug\misc.obj
c:\documents and settings\administrator\my documents\visual studio 2010\projects\bgi\debug\mouse.obj
c:\documents and settings\administrator\my documents\visual studio 2010\projects\bgi\debug\palette.obj
c:\documents and settings\administrator\my documents\visual studio 2010\projects\bgi\debug\text.obj
c:\documents and settings\administrator\my documents\visual studio 2010\projects\bgi\debug\winbgi.obj
c:\documents and settings\administrator\my documents\visual studio 2010\projects\bgi\debug\dibutil.obj
c:\documents and settings\administrator\my documents\visual studio 2010\projects\bgi\debug\file.obj
c:\documents and settings\administrator\my documents\visual studio 2010\projects\bgi\debug\test-colors.obj
c:\documents and settings\administrator\my documents\visual studio 2010\projects\bgi\debug\main.obj
c:\users\viore\desktop\bgi\debug\bgiout.obj
c:\users\viore\desktop\bgi\debug\dibutil.obj
c:\users\viore\desktop\bgi\debug\drawing.obj
c:\users\viore\desktop\bgi\debug\file.obj
c:\users\viore\desktop\bgi\debug\misc.obj
c:\users\viore\desktop\bgi\debug\mouse.obj
c:\users\viore\desktop\bgi\debug\palette.obj
c:\users\viore\desktop\bgi\debug\main.obj
c:\users\viore\desktop\bgi\debug\text.obj
c:\users\viore\desktop\bgi\debug\winbgi.obj
c:\users\viore\desktop\bgi\debug\winthread.obj
c:\users\viore\desktop\bgi\debug\vc100.pdb
c:\documents and settings\administrator\my documents\visual studio 2010\projects\bgi\debug\bgi.ilk
c:\documents and settings\administrator\my documents\visual studio 2010\projects\bgi\debug\bgi.exe
c:\documents and settings\administrator\my documents\visual studio 2010\projects\bgi\debug\bgi.exe.intermediate.manifest
c:\documents and settings\administrator\my documents\visual studio 2010\projects\bgi\debug\bgi.pdb
c:\users\viore\desktop\bgi\debug\bgi.ilk
c:\users\viore\desktop\bgi\debug\bgi.exe
c:\users\viore\desktop\bgi\debug\bgi.exe.intermediate.manifest
c:\users\viore\desktop\bgi\debug\bgi.pdb
d:\_universitate\2017-2018\algoritmi geometrici\alggeometrici\template_grafica\debug\bgi.lib
d:\_universitate\2017-2018\algoritmi geometrici\alggeometrici\template_grafica\debug\bgi.exp
d:\_universitate\2017-2018\algoritmi geometrici\alggeometrici\template_grafica\debug\vc141.pdb
d:\_universitate\2017-2018\algoritmi geometrici\alggeometrici\template_grafica\debug\vc141.idb
d:\_universitate\2017-2018\algoritmi geometrici\alggeometrici\template_grafica\debug\bgiout.obj
d:\_universitate\2017-2018\algoritmi geometrici\alggeometrici\template_grafica\debug\dibutil.obj
d:\_universitate\2017-2018\algoritmi geometrici\alggeometrici\template_grafica\debug\drawing.obj
d:\_universitate\2017-2018\algoritmi geometrici\alggeometrici\template_grafica\debug\file.obj
d:\_universitate\2017-2018\algoritmi geometrici\alggeometrici\template_grafica\debug\misc.obj
d:\_universitate\2017-2018\algoritmi geometrici\alggeometrici\template_grafica\debug\mouse.obj
d:\_universitate\2017-2018\algoritmi geometrici\alggeometrici\template_grafica\debug\palette.obj
d:\_universitate\2017-2018\algoritmi geometrici\alggeometrici\template_grafica\debug\main.obj
d:\_universitate\2017-2018\algoritmi geometrici\alggeometrici\template_grafica\debug\text.obj
d:\_universitate\2017-2018\algoritmi geometrici\alggeometrici\template_grafica\debug\winbgi.obj
d:\_universitate\2017-2018\algoritmi geometrici\alggeometrici\template_grafica\debug\winthread.obj
d:\_universitate\2017-2018\algoritmi geometrici\alggeometrici\template_grafica\debug\bgi.exe
d:\_universitate\2017-2018\algoritmi geometrici\alggeometrici\template_grafica\debug\bgi.ilk
d:\_universitate\2017-2018\algoritmi geometrici\alggeometrici\template_grafica\debug\bgi.pdb
d:\_universitate\2017-2018\algoritmi geometrici\alggeometrici\template_grafica\debug\bgi.vcxprojresolveassemblyreference.cache
d:\_universitate\2017-2018\algoritmi geometrici\alggeometrici\template_grafica\debug\bgi.obj
d:\_universitate\2017-2018\algoritmi geometrici\alggeometrici\template_grafica\debug\source.obj
d:\_universitate\2017-2018\algoritmi geometrici\alggeometrici\template_grafica\debug\test-colors.obj
d:\_universitate\2017-2018\algoritmi geometrici\alggeometrici\template_grafica\debug\main.obj.enc
d:\_universitate\2017-2018\algoritmi geometrici\alggeometrici\template_grafica\debug\lnk{353300d9-e270-4743-9efc-e56fd334567d}.tmp
d:\_universitate\2017-2018\algoritmi geometrici\alggeometrici\template_grafica\debug\lnk{d929ee90-7e9c-4aa8-a3f7-1c623f184c22}.tmp
d:\_universitate\2017-2018\algoritmi geometrici\alggeometrici\template_grafica\debug\bgi.write.1.tlog
d:\_universitate\2017-2018\algoritmi geometrici\alggeometrici\template_grafica\debug\cl.command.1.tlog
d:\_universitate\2017-2018\algoritmi geometrici\alggeometrici\template_grafica\debug\cl.read.1.tlog
d:\_universitate\2017-2018\algoritmi geometrici\alggeometrici\template_grafica\debug\cl.write.1.tlog
d:\_universitate\2017-2018\algoritmi geometrici\alggeometrici\template_grafica\debug\link.command.1.tlog
d:\_universitate\2017-2018\algoritmi geometrici\alggeometrici\template_grafica\debug\link.read.1.tlog
d:\_universitate\2017-2018\algoritmi geometrici\alggeometrici\template_grafica\debug\link.write.1.tlog
d:\_universitate\2017-2018\algoritmi geometrici\alggeometrici\template_grafica\debug\mt.command.1.tlog
d:\_universitate\2017-2018\algoritmi geometrici\alggeometrici\template_grafica\debug\mt.read.1.tlog
d:\_universitate\2017-2018\algoritmi geometrici\alggeometrici\template_grafica\debug\mt.write.1.tlog
d:\_universitate\2017-2018\algoritmi geometrici\alggeometrici\template_grafica\debug\bgi.exe.intermediate.manifest
d:\_universitate\2017-2018\algoritmi geometrici\alggeometrici\template_grafica\debug\vc100.idb
d:\_universitate\2017-2018\algoritmi geometrici\alggeometrici\template_grafica\debug\vc140.idb
d:\_universitate\2017-2018\algoritmi geometrici\alggeometrici\template_grafica\debug\vc100.pdb
d:\_universitate\2017-2018\algoritmi geometrici\alggeometrici\template_grafica\debug\vc140.pdb
d:\_universitate\2017-2018\algoritmi geometrici\alggeometrici\template_grafica\debug\bgi.tlog\bgi.write.1u.tlog
d:\_universitate\2017-2018\algoritmi geometrici\alggeometrici\template_grafica\debug\bgi.tlog\cl.command.1.tlog
d:\_universitate\2017-2018\algoritmi geometrici\alggeometrici\template_grafica\debug\bgi.tlog\cl.read.1.tlog
d:\_universitate\2017-2018\algoritmi geometrici\alggeometrici\template_grafica\debug\bgi.tlog\cl.write.1.tlog
d:\_universitate\2017-2018\algoritmi geometrici\alggeometrici\template_grafica\debug\bgi.tlog\link.command.1.tlog
d:\_universitate\2017-2018\algoritmi geometrici\alggeometrici\template_grafica\debug\bgi.tlog\link.delete.1.tlog
d:\_universitate\2017-2018\algoritmi geometrici\alggeometrici\template_grafica\debug\bgi.tlog\link.read.1.tlog
d:\_universitate\2017-2018\algoritmi geometrici\alggeometrici\template_grafica\debug\bgi.tlog\link.write.1.tlog
